<?xml version="1.0" encoding="UTF-8"?>
<testsuite xmlns:xsi="http://www.w3.org/2001/XMLSchema-instance" xsi:noNamespaceSchemaLocation="https://maven.apache.org/surefire/maven-surefire-plugin/xsd/surefire-test-report.xsd" name="ca.ucalgary.rules599.test.AprioriTest" time="1.013" tests="30" errors="0" skipped="0" failures="0">
  <properties>
[...]
</properties>
  <testcase name="testSetMaxConfidenceThrowsExceptionWhenConfidenceIsLessThanMinConfidence" classname="ca.ucalgary.rules599.test.AprioriTest" time="0.011"/>
  <testcase name="testSetMaxConfidenceThrowsExceptionWhenConfidenceIsGreaterThanOne" classname="ca.ucalgary.rules599.test.AprioriTest" time="0"/>
  <testcase name="testConstructorWithConfigurationParameter" classname="ca.ucalgary.rules599.test.AprioriTest" time="0.806"/>
  <testcase name="testSetSupportDeltaThrowsExceptionWhenDeltaIsNotGreaterThanOne" classname="ca.ucalgary.rules599.test.AprioriTest" time="0"/>
  <testcase name="testConfigurationDefaultConstructor" classname="ca.ucalgary.rules599.test.AprioriTest" time="0"/>
  <testcase name="testSetMinSupportThrowsExceptionWhenSupportIsLessThanZero" classname="ca.ucalgary.rules599.test.AprioriTest" time="0"/>
  <testcase name="testBuilderWhenTryingToFindASpecificNumberOfFrequentItemSets" classname="ca.ucalgary.rules599.test.AprioriTest" time="0.001"/>
  <testcase name="testSetRuleCountThrowsExceptionWhenCountIsLessThanZero" classname="ca.ucalgary.rules599.test.AprioriTest" time="0"/>
  <testcase name="testConstructorWithConfigurationAndTaskParametersThrowsExceptionWhenAssociationRuleGeneratorTaskIsNull" classname="ca.ucalgary.rules599.test.AprioriTest" time="0"/>
  <testcase name="testClone" classname="ca.ucalgary.rules599.test.AprioriTest" time="0.001"/>
  <testcase name="testToString" classname="ca.ucalgary.rules599.test.AprioriTest" time="0"/>
  <testcase name="testExecuteThrowsException" classname="ca.ucalgary.rules599.test.AprioriTest" time="0"/>
  <testcase name="testExecuteWhenNotGeneratingRules" classname="ca.ucalgary.rules599.test.AprioriTest" time="0.081"/>
  <testcase name="testSetMinSupportThrowsExceptionWhenSupportIsGreaterThanMaxSupport" classname="ca.ucalgary.rules599.test.AprioriTest" time="0.001"/>
  <testcase name="testSetMinConfidenceThrowsExceptionWhenConfidenceIsLessThanZero" classname="ca.ucalgary.rules599.test.AprioriTest" time="0"/>
  <testcase name="testExecuteWhenGeneratingRules" classname="ca.ucalgary.rules599.test.AprioriTest" time="0.006"/>
  <testcase name="testSetFrequentItemSetCountThrowsExceptionWhenCountIsLessThanZero" classname="ca.ucalgary.rules599.test.AprioriTest" time="0"/>
  <testcase name="testConstructorWithConfigurationAndTaskParameters" classname="ca.ucalgary.rules599.test.AprioriTest" time="0"/>
  <testcase name="testBuilderWhenNotTryingToFindASpecificNumberOfFrequentItemSets" classname="ca.ucalgary.rules599.test.AprioriTest" time="0.001"/>
  <testcase name="testBuilderWhenTryingToGenerateASpecificNumberOfAssociationRules" classname="ca.ucalgary.rules599.test.AprioriTest" time="0"/>
  <testcase name="testConstructorWithConfigurationParameterThrowsException" classname="ca.ucalgary.rules599.test.AprioriTest" time="0.001"/>
  <testcase name="testSetMaxSupportThrowsExceptionWhenSupportIsLessThanMinSupport" classname="ca.ucalgary.rules599.test.AprioriTest" time="0"/>
  <testcase name="testHashCode" classname="ca.ucalgary.rules599.test.AprioriTest" time="0.015"/>
  <testcase name="testBuilderWhenGeneratingAssociationRules" classname="ca.ucalgary.rules599.test.AprioriTest" time="0.001"/>
  <testcase name="testConstructorWithConfigurationAndTaskParametersThrowsExceptionWhenFrequentItemSetMinerTaskIsNull" classname="ca.ucalgary.rules599.test.AprioriTest" time="0"/>
  <testcase name="testEquals" classname="ca.ucalgary.rules599.test.AprioriTest" time="0"/>
  <testcase name="testConstructorWithConfigurationAndTaskParametersThrowsExceptionWhenConfigurationIsNull" classname="ca.ucalgary.rules599.test.AprioriTest" time="0"/>
  <testcase name="testSetConfidenceDeltaThrowsExceptionWhenDeltaIsNotGreaterThanZero" classname="ca.ucalgary.rules599.test.AprioriTest" time="0"/>
  <testcase name="testSetMaxSupportThrowsExceptionWhenSupportIsGreaterThanOne" classname="ca.ucalgary.rules599.test.AprioriTest" time="0.001"/>
  <testcase name="testSetMinConfidenceThrowsExceptionWhenConfidenceIsGreaterThanMaxConfidence" classname="ca.ucalgary.rules599.test.AprioriTest" time="0"/>
</testsuite>